2021-10-12 17:12:54 [scrapy.utils.log] INFO: Scrapy 2.5.1 started (bot: jbk39)
2021-10-12 17:12:54 [scrapy.utils.log] INFO: Versions: lxml 4.6.3.0, libxml2 2.9.10, cssselect 1.1.0, parsel 1.6.0, w3lib 1.22.0, Twisted 21.7.0, Python 3.8.2 (default, Oct  2 2020, 10:45:42) - [Clang 12.0.0 (clang-1200.0.32.27)], pyOpenSSL 21.0.0 (OpenSSL 1.1.1l  24 Aug 2021), cryptography 35.0.0, Platform macOS-10.15.7-x86_64-i386-64bit
2021-10-12 17:12:54 [scrapy.crawler] INFO: Overridden settings:
{'BOT_NAME': 'jbk39',
 'LOG_FILE': './jbk39/log/scrapy_2021_10_12.log',
 'LOG_LEVEL': 'INFO',
 'NEWSPIDER_MODULE': 'jbk39.spiders',
 'SPIDER_MODULES': ['jbk39.spiders']}
2021-10-12 17:12:54 [scrapy.extensions.telnet] INFO: Telnet Password: 70c14f3cd4aea814
2021-10-12 17:12:54 [scrapy.middleware] INFO: Enabled extensions:
['scrapy.extensions.corestats.CoreStats',
 'scrapy.extensions.telnet.TelnetConsole',
 'scrapy.extensions.memusage.MemoryUsage',
 'scrapy.extensions.logstats.LogStats']
2021-10-12 17:12:54 [scrapy.middleware] INFO: Enabled downloader middlewares:
['scrapy.downloadermiddlewares.httpauth.HttpAuthMiddleware',
 'scrapy.downloadermiddlewares.downloadtimeout.DownloadTimeoutMiddleware',
 'scrapy.downloadermiddlewares.defaultheaders.DefaultHeadersMiddleware',
 'scrapy.downloadermiddlewares.useragent.UserAgentMiddleware',
 'jbk39.middlewares.Jbk39DownloaderMiddleware',
 'scrapy.downloadermiddlewares.retry.RetryMiddleware',
 'scrapy.downloadermiddlewares.redirect.MetaRefreshMiddleware',
 'scrapy.downloadermiddlewares.httpcompression.HttpCompressionMiddleware',
 'scrapy.downloadermiddlewares.redirect.RedirectMiddleware',
 'scrapy.downloadermiddlewares.cookies.CookiesMiddleware',
 'scrapy.downloadermiddlewares.httpproxy.HttpProxyMiddleware',
 'scrapy.downloadermiddlewares.stats.DownloaderStats']
2021-10-12 17:12:54 [scrapy.middleware] INFO: Enabled spider middlewares:
['scrapy.spidermiddlewares.httperror.HttpErrorMiddleware',
 'scrapy.spidermiddlewares.offsite.OffsiteMiddleware',
 'jbk39.middlewares.Jbk39SpiderMiddleware',
 'scrapy.spidermiddlewares.referer.RefererMiddleware',
 'scrapy.spidermiddlewares.urllength.UrlLengthMiddleware',
 'scrapy.spidermiddlewares.depth.DepthMiddleware']
2021-10-12 17:12:54 [scrapy.middleware] INFO: Enabled item pipelines:
['jbk39.pipelines.Jbk39Pipeline']
2021-10-12 17:12:54 [scrapy.core.engine] INFO: Spider opened
2021-10-12 17:12:54 [scrapy.extensions.logstats] INFO: Crawled 0 pages (at 0 pages/min), scraped 0 items (at 0 items/min)
2021-10-12 17:12:54 [fuke] INFO: Spider opened: fuke
2021-10-12 17:12:54 [fuke] INFO: Spider opened: fuke
2021-10-12 17:12:54 [scrapy.extensions.telnet] INFO: Telnet console listening on 127.0.0.1:6052
2021-10-12 17:13:56 [scrapy.extensions.logstats] INFO: Crawled 72 pages (at 72 pages/min), scraped 36 items (at 36 items/min)
2021-10-12 17:15:02 [scrapy.extensions.logstats] INFO: Crawled 132 pages (at 60 pages/min), scraped 100 items (at 64 items/min)
2021-10-12 17:15:59 [scrapy.extensions.logstats] INFO: Crawled 188 pages (at 56 pages/min), scraped 156 items (at 56 items/min)
2021-10-12 17:16:00 [scrapy.crawler] INFO: Received SIGINT, shutting down gracefully. Send again to force 
2021-10-12 17:16:04 [scrapy.utils.log] INFO: Scrapy 2.5.1 started (bot: jbk39)
2021-10-12 17:16:04 [scrapy.utils.log] INFO: Versions: lxml 4.6.3.0, libxml2 2.9.10, cssselect 1.1.0, parsel 1.6.0, w3lib 1.22.0, Twisted 21.7.0, Python 3.8.2 (default, Oct  2 2020, 10:45:42) - [Clang 12.0.0 (clang-1200.0.32.27)], pyOpenSSL 21.0.0 (OpenSSL 1.1.1l  24 Aug 2021), cryptography 35.0.0, Platform macOS-10.15.7-x86_64-i386-64bit
2021-10-12 17:16:04 [scrapy.crawler] INFO: Overridden settings:
{'BOT_NAME': 'jbk39',
 'LOG_FILE': './jbk39/log/scrapy_2021_10_12.log',
 'LOG_LEVEL': 'INFO',
 'NEWSPIDER_MODULE': 'jbk39.spiders',
 'SPIDER_MODULES': ['jbk39.spiders']}
2021-10-12 17:16:04 [scrapy.extensions.telnet] INFO: Telnet Password: 2f53fc4012ebf5d2
2021-10-12 17:16:04 [scrapy.middleware] INFO: Enabled extensions:
['scrapy.extensions.corestats.CoreStats',
 'scrapy.extensions.telnet.TelnetConsole',
 'scrapy.extensions.memusage.MemoryUsage',
 'scrapy.extensions.logstats.LogStats']
2021-10-12 17:16:04 [scrapy.middleware] INFO: Enabled downloader middlewares:
['scrapy.downloadermiddlewares.httpauth.HttpAuthMiddleware',
 'scrapy.downloadermiddlewares.downloadtimeout.DownloadTimeoutMiddleware',
 'scrapy.downloadermiddlewares.defaultheaders.DefaultHeadersMiddleware',
 'scrapy.downloadermiddlewares.useragent.UserAgentMiddleware',
 'jbk39.middlewares.Jbk39DownloaderMiddleware',
 'scrapy.downloadermiddlewares.retry.RetryMiddleware',
 'scrapy.downloadermiddlewares.redirect.MetaRefreshMiddleware',
 'scrapy.downloadermiddlewares.httpcompression.HttpCompressionMiddleware',
 'scrapy.downloadermiddlewares.redirect.RedirectMiddleware',
 'scrapy.downloadermiddlewares.cookies.CookiesMiddleware',
 'scrapy.downloadermiddlewares.httpproxy.HttpProxyMiddleware',
 'scrapy.downloadermiddlewares.stats.DownloaderStats']
2021-10-12 17:16:04 [scrapy.middleware] INFO: Enabled spider middlewares:
['scrapy.spidermiddlewares.httperror.HttpErrorMiddleware',
 'scrapy.spidermiddlewares.offsite.OffsiteMiddleware',
 'jbk39.middlewares.Jbk39SpiderMiddleware',
 'scrapy.spidermiddlewares.referer.RefererMiddleware',
 'scrapy.spidermiddlewares.urllength.UrlLengthMiddleware',
 'scrapy.spidermiddlewares.depth.DepthMiddleware']
2021-10-12 17:16:04 [scrapy.middleware] INFO: Enabled item pipelines:
['jbk39.pipelines.Jbk39Pipeline']
2021-10-12 17:16:04 [scrapy.core.engine] INFO: Spider opened
2021-10-12 17:16:04 [scrapy.extensions.logstats] INFO: Crawled 0 pages (at 0 pages/min), scraped 0 items (at 0 items/min)
2021-10-12 17:16:04 [fuke] INFO: Spider opened: fuke
2021-10-12 17:16:04 [fuke] INFO: Spider opened: fuke
2021-10-12 17:16:04 [scrapy.extensions.telnet] INFO: Telnet console listening on 127.0.0.1:6053
2021-10-12 17:17:05 [scrapy.extensions.logstats] INFO: Crawled 76 pages (at 76 pages/min), scraped 35 items (at 35 items/min)
2021-10-12 17:29:26 [scrapy.utils.log] INFO: Scrapy 2.5.1 started (bot: jbk39)
2021-10-12 17:29:26 [scrapy.utils.log] INFO: Versions: lxml 4.6.3.0, libxml2 2.9.10, cssselect 1.1.0, parsel 1.6.0, w3lib 1.22.0, Twisted 21.7.0, Python 3.8.2 (default, Oct  2 2020, 10:45:42) - [Clang 12.0.0 (clang-1200.0.32.27)], pyOpenSSL 21.0.0 (OpenSSL 1.1.1l  24 Aug 2021), cryptography 35.0.0, Platform macOS-10.15.7-x86_64-i386-64bit
2021-10-12 17:29:26 [scrapy.crawler] INFO: Overridden settings:
{'BOT_NAME': 'jbk39',
 'LOG_FILE': './jbk39/log/scrapy_2021_10_12.log',
 'LOG_LEVEL': 'INFO',
 'NEWSPIDER_MODULE': 'jbk39.spiders',
 'SPIDER_MODULES': ['jbk39.spiders']}
2021-10-12 17:29:26 [scrapy.extensions.telnet] INFO: Telnet Password: 9b997eeec55bdade
2021-10-12 17:29:26 [scrapy.middleware] INFO: Enabled extensions:
['scrapy.extensions.corestats.CoreStats',
 'scrapy.extensions.telnet.TelnetConsole',
 'scrapy.extensions.memusage.MemoryUsage',
 'scrapy.extensions.logstats.LogStats']
2021-10-12 17:29:26 [scrapy.middleware] INFO: Enabled downloader middlewares:
['scrapy.downloadermiddlewares.httpauth.HttpAuthMiddleware',
 'scrapy.downloadermiddlewares.downloadtimeout.DownloadTimeoutMiddleware',
 'scrapy.downloadermiddlewares.defaultheaders.DefaultHeadersMiddleware',
 'scrapy.downloadermiddlewares.useragent.UserAgentMiddleware',
 'jbk39.middlewares.Jbk39DownloaderMiddleware',
 'scrapy.downloadermiddlewares.retry.RetryMiddleware',
 'scrapy.downloadermiddlewares.redirect.MetaRefreshMiddleware',
 'scrapy.downloadermiddlewares.httpcompression.HttpCompressionMiddleware',
 'scrapy.downloadermiddlewares.redirect.RedirectMiddleware',
 'scrapy.downloadermiddlewares.cookies.CookiesMiddleware',
 'scrapy.downloadermiddlewares.httpproxy.HttpProxyMiddleware',
 'scrapy.downloadermiddlewares.stats.DownloaderStats']
2021-10-12 17:29:26 [scrapy.middleware] INFO: Enabled spider middlewares:
['scrapy.spidermiddlewares.httperror.HttpErrorMiddleware',
 'scrapy.spidermiddlewares.offsite.OffsiteMiddleware',
 'jbk39.middlewares.Jbk39SpiderMiddleware',
 'scrapy.spidermiddlewares.referer.RefererMiddleware',
 'scrapy.spidermiddlewares.urllength.UrlLengthMiddleware',
 'scrapy.spidermiddlewares.depth.DepthMiddleware']
2021-10-12 17:29:26 [scrapy.middleware] INFO: Enabled item pipelines:
['jbk39.pipelines.Jbk39Pipeline']
2021-10-12 17:29:26 [scrapy.core.engine] INFO: Spider opened
2021-10-12 17:29:26 [scrapy.extensions.logstats] INFO: Crawled 0 pages (at 0 pages/min), scraped 0 items (at 0 items/min)
2021-10-12 17:29:26 [fuke] INFO: Spider opened: fuke
2021-10-12 17:29:26 [fuke] INFO: Spider opened: fuke
2021-10-12 17:29:26 [scrapy.extensions.telnet] INFO: Telnet console listening on 127.0.0.1:6054
2021-10-12 17:30:25 [scrapy.utils.log] INFO: Scrapy 2.5.1 started (bot: jbk39)
2021-10-12 17:30:25 [scrapy.utils.log] INFO: Versions: lxml 4.6.3.0, libxml2 2.9.10, cssselect 1.1.0, parsel 1.6.0, w3lib 1.22.0, Twisted 21.7.0, Python 3.8.2 (default, Oct  2 2020, 10:45:42) - [Clang 12.0.0 (clang-1200.0.32.27)], pyOpenSSL 21.0.0 (OpenSSL 1.1.1l  24 Aug 2021), cryptography 35.0.0, Platform macOS-10.15.7-x86_64-i386-64bit
2021-10-12 17:30:25 [scrapy.crawler] INFO: Overridden settings:
{'BOT_NAME': 'jbk39',
 'LOG_FILE': './jbk39/log/scrapy_2021_10_12.log',
 'LOG_LEVEL': 'INFO',
 'NEWSPIDER_MODULE': 'jbk39.spiders',
 'SPIDER_MODULES': ['jbk39.spiders']}
2021-10-12 17:30:25 [scrapy.extensions.telnet] INFO: Telnet Password: c557e8cb173c7fa5
2021-10-12 17:30:25 [scrapy.middleware] INFO: Enabled extensions:
['scrapy.extensions.corestats.CoreStats',
 'scrapy.extensions.telnet.TelnetConsole',
 'scrapy.extensions.memusage.MemoryUsage',
 'scrapy.extensions.logstats.LogStats']
2021-10-12 17:30:25 [scrapy.middleware] INFO: Enabled downloader middlewares:
['scrapy.downloadermiddlewares.httpauth.HttpAuthMiddleware',
 'scrapy.downloadermiddlewares.downloadtimeout.DownloadTimeoutMiddleware',
 'scrapy.downloadermiddlewares.defaultheaders.DefaultHeadersMiddleware',
 'scrapy.downloadermiddlewares.useragent.UserAgentMiddleware',
 'jbk39.middlewares.Jbk39DownloaderMiddleware',
 'scrapy.downloadermiddlewares.retry.RetryMiddleware',
 'scrapy.downloadermiddlewares.redirect.MetaRefreshMiddleware',
 'scrapy.downloadermiddlewares.httpcompression.HttpCompressionMiddleware',
 'scrapy.downloadermiddlewares.redirect.RedirectMiddleware',
 'scrapy.downloadermiddlewares.cookies.CookiesMiddleware',
 'scrapy.downloadermiddlewares.httpproxy.HttpProxyMiddleware',
 'scrapy.downloadermiddlewares.stats.DownloaderStats']
2021-10-12 17:30:25 [scrapy.middleware] INFO: Enabled spider middlewares:
['scrapy.spidermiddlewares.httperror.HttpErrorMiddleware',
 'scrapy.spidermiddlewares.offsite.OffsiteMiddleware',
 'jbk39.middlewares.Jbk39SpiderMiddleware',
 'scrapy.spidermiddlewares.referer.RefererMiddleware',
 'scrapy.spidermiddlewares.urllength.UrlLengthMiddleware',
 'scrapy.spidermiddlewares.depth.DepthMiddleware']
2021-10-12 17:30:25 [scrapy.middleware] INFO: Enabled item pipelines:
['jbk39.pipelines.Jbk39Pipeline']
2021-10-12 17:30:25 [scrapy.core.engine] INFO: Spider opened
2021-10-12 17:30:25 [scrapy.extensions.logstats] INFO: Crawled 0 pages (at 0 pages/min), scraped 0 items (at 0 items/min)
2021-10-12 17:30:25 [fuke] INFO: Spider opened: fuke
2021-10-12 17:30:25 [fuke] INFO: Spider opened: fuke
2021-10-12 17:30:25 [scrapy.extensions.telnet] INFO: Telnet console listening on 127.0.0.1:6055
2021-10-12 17:31:28 [scrapy.extensions.logstats] INFO: Crawled 69 pages (at 69 pages/min), scraped 36 items (at 36 items/min)
2021-10-12 17:32:25 [scrapy.utils.log] INFO: Scrapy 2.5.1 started (bot: jbk39)
2021-10-12 17:32:25 [scrapy.utils.log] INFO: Versions: lxml 4.6.3.0, libxml2 2.9.10, cssselect 1.1.0, parsel 1.6.0, w3lib 1.22.0, Twisted 21.7.0, Python 3.8.2 (default, Oct  2 2020, 10:45:42) - [Clang 12.0.0 (clang-1200.0.32.27)], pyOpenSSL 21.0.0 (OpenSSL 1.1.1l  24 Aug 2021), cryptography 35.0.0, Platform macOS-10.15.7-x86_64-i386-64bit
2021-10-12 17:32:25 [scrapy.crawler] INFO: Overridden settings:
{'BOT_NAME': 'jbk39',
 'LOG_FILE': './jbk39/log/scrapy_2021_10_12.log',
 'LOG_LEVEL': 'INFO',
 'NEWSPIDER_MODULE': 'jbk39.spiders',
 'SPIDER_MODULES': ['jbk39.spiders']}
2021-10-12 17:32:25 [scrapy.extensions.telnet] INFO: Telnet Password: db9f83e06a257ee1
2021-10-12 17:32:25 [scrapy.middleware] INFO: Enabled extensions:
['scrapy.extensions.corestats.CoreStats',
 'scrapy.extensions.telnet.TelnetConsole',
 'scrapy.extensions.memusage.MemoryUsage',
 'scrapy.extensions.logstats.LogStats']
2021-10-12 17:32:25 [scrapy.middleware] INFO: Enabled downloader middlewares:
['scrapy.downloadermiddlewares.httpauth.HttpAuthMiddleware',
 'scrapy.downloadermiddlewares.downloadtimeout.DownloadTimeoutMiddleware',
 'scrapy.downloadermiddlewares.defaultheaders.DefaultHeadersMiddleware',
 'scrapy.downloadermiddlewares.useragent.UserAgentMiddleware',
 'jbk39.middlewares.Jbk39DownloaderMiddleware',
 'scrapy.downloadermiddlewares.retry.RetryMiddleware',
 'scrapy.downloadermiddlewares.redirect.MetaRefreshMiddleware',
 'scrapy.downloadermiddlewares.httpcompression.HttpCompressionMiddleware',
 'scrapy.downloadermiddlewares.redirect.RedirectMiddleware',
 'scrapy.downloadermiddlewares.cookies.CookiesMiddleware',
 'scrapy.downloadermiddlewares.httpproxy.HttpProxyMiddleware',
 'scrapy.downloadermiddlewares.stats.DownloaderStats']
2021-10-12 17:32:25 [scrapy.middleware] INFO: Enabled spider middlewares:
['scrapy.spidermiddlewares.httperror.HttpErrorMiddleware',
 'scrapy.spidermiddlewares.offsite.OffsiteMiddleware',
 'jbk39.middlewares.Jbk39SpiderMiddleware',
 'scrapy.spidermiddlewares.referer.RefererMiddleware',
 'scrapy.spidermiddlewares.urllength.UrlLengthMiddleware',
 'scrapy.spidermiddlewares.depth.DepthMiddleware']
2021-10-12 17:32:25 [scrapy.middleware] INFO: Enabled item pipelines:
['jbk39.pipelines.Jbk39Pipeline']
2021-10-12 17:32:25 [scrapy.core.engine] INFO: Spider opened
2021-10-12 17:32:25 [scrapy.extensions.logstats] INFO: Crawled 0 pages (at 0 pages/min), scraped 0 items (at 0 items/min)
2021-10-12 17:32:25 [fuke] INFO: Spider opened: fuke
2021-10-12 17:32:25 [fuke] INFO: Spider opened: fuke
2021-10-12 17:32:25 [scrapy.extensions.telnet] INFO: Telnet console listening on 127.0.0.1:6056
2021-10-12 17:38:02 [scrapy.utils.log] INFO: Scrapy 2.5.1 started (bot: jbk39)
2021-10-12 17:38:02 [scrapy.utils.log] INFO: Versions: lxml 4.6.3.0, libxml2 2.9.10, cssselect 1.1.0, parsel 1.6.0, w3lib 1.22.0, Twisted 21.7.0, Python 3.8.2 (default, Oct  2 2020, 10:45:42) - [Clang 12.0.0 (clang-1200.0.32.27)], pyOpenSSL 21.0.0 (OpenSSL 1.1.1l  24 Aug 2021), cryptography 35.0.0, Platform macOS-10.15.7-x86_64-i386-64bit
2021-10-12 17:38:02 [scrapy.crawler] INFO: Overridden settings:
{'BOT_NAME': 'jbk39',
 'LOG_FILE': './jbk39/log/scrapy_2021_10_12.log',
 'LOG_LEVEL': 'INFO',
 'NEWSPIDER_MODULE': 'jbk39.spiders',
 'SPIDER_MODULES': ['jbk39.spiders']}
2021-10-12 17:38:02 [scrapy.extensions.telnet] INFO: Telnet Password: 7ef08ff95a82e761
2021-10-12 17:38:03 [scrapy.middleware] INFO: Enabled extensions:
['scrapy.extensions.corestats.CoreStats',
 'scrapy.extensions.telnet.TelnetConsole',
 'scrapy.extensions.memusage.MemoryUsage',
 'scrapy.extensions.logstats.LogStats']
2021-10-12 17:38:03 [scrapy.middleware] INFO: Enabled downloader middlewares:
['scrapy.downloadermiddlewares.httpauth.HttpAuthMiddleware',
 'scrapy.downloadermiddlewares.downloadtimeout.DownloadTimeoutMiddleware',
 'scrapy.downloadermiddlewares.defaultheaders.DefaultHeadersMiddleware',
 'scrapy.downloadermiddlewares.useragent.UserAgentMiddleware',
 'jbk39.middlewares.Jbk39DownloaderMiddleware',
 'scrapy.downloadermiddlewares.retry.RetryMiddleware',
 'scrapy.downloadermiddlewares.redirect.MetaRefreshMiddleware',
 'scrapy.downloadermiddlewares.httpcompression.HttpCompressionMiddleware',
 'scrapy.downloadermiddlewares.redirect.RedirectMiddleware',
 'scrapy.downloadermiddlewares.cookies.CookiesMiddleware',
 'scrapy.downloadermiddlewares.httpproxy.HttpProxyMiddleware',
 'scrapy.downloadermiddlewares.stats.DownloaderStats']
2021-10-12 17:38:03 [scrapy.middleware] INFO: Enabled spider middlewares:
['scrapy.spidermiddlewares.httperror.HttpErrorMiddleware',
 'scrapy.spidermiddlewares.offsite.OffsiteMiddleware',
 'jbk39.middlewares.Jbk39SpiderMiddleware',
 'scrapy.spidermiddlewares.referer.RefererMiddleware',
 'scrapy.spidermiddlewares.urllength.UrlLengthMiddleware',
 'scrapy.spidermiddlewares.depth.DepthMiddleware']
2021-10-12 17:38:03 [scrapy.middleware] INFO: Enabled item pipelines:
['jbk39.pipelines.Jbk39Pipeline']
2021-10-12 17:38:03 [scrapy.core.engine] INFO: Spider opened
2021-10-12 17:38:03 [scrapy.extensions.logstats] INFO: Crawled 0 pages (at 0 pages/min), scraped 0 items (at 0 items/min)
2021-10-12 17:38:03 [fuke] INFO: Spider opened: fuke
2021-10-12 17:38:03 [fuke] INFO: Spider opened: fuke
2021-10-12 17:38:03 [scrapy.extensions.telnet] INFO: Telnet console listening on 127.0.0.1:6057
2021-10-12 17:38:54 [scrapy.utils.log] INFO: Scrapy 2.5.1 started (bot: jbk39)
2021-10-12 17:38:54 [scrapy.utils.log] INFO: Versions: lxml 4.6.3.0, libxml2 2.9.10, cssselect 1.1.0, parsel 1.6.0, w3lib 1.22.0, Twisted 21.7.0, Python 3.8.2 (default, Oct  2 2020, 10:45:42) - [Clang 12.0.0 (clang-1200.0.32.27)], pyOpenSSL 21.0.0 (OpenSSL 1.1.1l  24 Aug 2021), cryptography 35.0.0, Platform macOS-10.15.7-x86_64-i386-64bit
2021-10-12 17:38:54 [scrapy.crawler] INFO: Overridden settings:
{'BOT_NAME': 'jbk39',
 'LOG_FILE': './jbk39/log/scrapy_2021_10_12.log',
 'LOG_LEVEL': 'INFO',
 'NEWSPIDER_MODULE': 'jbk39.spiders',
 'SPIDER_MODULES': ['jbk39.spiders']}
2021-10-12 17:38:54 [scrapy.extensions.telnet] INFO: Telnet Password: 6182b3f01f1093c5
2021-10-12 17:38:54 [scrapy.middleware] INFO: Enabled extensions:
['scrapy.extensions.corestats.CoreStats',
 'scrapy.extensions.telnet.TelnetConsole',
 'scrapy.extensions.memusage.MemoryUsage',
 'scrapy.extensions.logstats.LogStats']
2021-10-12 17:38:54 [scrapy.middleware] INFO: Enabled downloader middlewares:
['scrapy.downloadermiddlewares.httpauth.HttpAuthMiddleware',
 'scrapy.downloadermiddlewares.downloadtimeout.DownloadTimeoutMiddleware',
 'scrapy.downloadermiddlewares.defaultheaders.DefaultHeadersMiddleware',
 'scrapy.downloadermiddlewares.useragent.UserAgentMiddleware',
 'jbk39.middlewares.Jbk39DownloaderMiddleware',
 'scrapy.downloadermiddlewares.retry.RetryMiddleware',
 'scrapy.downloadermiddlewares.redirect.MetaRefreshMiddleware',
 'scrapy.downloadermiddlewares.httpcompression.HttpCompressionMiddleware',
 'scrapy.downloadermiddlewares.redirect.RedirectMiddleware',
 'scrapy.downloadermiddlewares.cookies.CookiesMiddleware',
 'scrapy.downloadermiddlewares.httpproxy.HttpProxyMiddleware',
 'scrapy.downloadermiddlewares.stats.DownloaderStats']
2021-10-12 17:38:54 [scrapy.middleware] INFO: Enabled spider middlewares:
['scrapy.spidermiddlewares.httperror.HttpErrorMiddleware',
 'scrapy.spidermiddlewares.offsite.OffsiteMiddleware',
 'jbk39.middlewares.Jbk39SpiderMiddleware',
 'scrapy.spidermiddlewares.referer.RefererMiddleware',
 'scrapy.spidermiddlewares.urllength.UrlLengthMiddleware',
 'scrapy.spidermiddlewares.depth.DepthMiddleware']
2021-10-12 17:38:54 [scrapy.middleware] INFO: Enabled item pipelines:
['jbk39.pipelines.Jbk39Pipeline']
2021-10-12 17:38:54 [scrapy.core.engine] INFO: Spider opened
2021-10-12 17:38:54 [scrapy.extensions.logstats] INFO: Crawled 0 pages (at 0 pages/min), scraped 0 items (at 0 items/min)
2021-10-12 17:38:54 [fuke] INFO: Spider opened: fuke
2021-10-12 17:38:54 [fuke] INFO: Spider opened: fuke
2021-10-12 17:38:54 [scrapy.extensions.telnet] INFO: Telnet console listening on 127.0.0.1:6058
